2025-06-23 14:50:26,719 [INFO] Activator:176 - 


2025-06-23 14:50:26,720 [INFO] Activator:177 - !SESSION log4j initialized
2025-06-23 14:50:31,292 [INFO] LogOutputStream:77 - [STDOUT_REDIRECT] 
2025-06-23 14:50:33,358 [INFO] ApplicationProperties:184 - Using Application install path: C:\ST\STM32CubeIDE_1.18.0\STM32CubeIDE\plugins\com.st.stm32cube.common.mx_6.14.0.202502271554
2025-06-23 14:50:33,377 [INFO] DbMcusXml:78 - Set database path to: C:\ST\STM32CubeIDE_1.18.0\STM32CubeIDE\plugins\com.st.stm32cube.common.mx_6.14.0.202502271554\\db\/mcu/
2025-06-23 14:50:33,377 [INFO] ApiDb:274 - Set plugin database path to: C:\ST\STM32CubeIDE_1.18.0\STM32CubeIDE\plugins\com.st.stm32cube.common.mx_6.14.0.202502271554\\db\/plugins/boardmanager/
2025-06-23 14:50:33,377 [WARN] ApiDb:259 - Overriding images path with different value:  => C:\ST\STM32CubeIDE_1.18.0\STM32CubeIDE\plugins\com.st.stm32cube.common.mx_6.14.0.202502271554\\db\/plugins/mcufinder/images/
2025-06-23 14:50:33,383 [INFO] ApiDb:250 - Set database path to: C:\Users\user\.stmcufinder\plugins\mcufinder//mcu/
2025-06-23 14:50:33,384 [INFO] DbMcusAds:125 - Set database path to: C:\Users\user\.stmcufinder\plugins\mcufinder//mcu/
2025-06-23 14:50:33,386 [INFO] CrossReferenceDbSqlite:203 - Set database path to: C:\Users\user\.stmcufinder\plugins\mcufinder//mcu/cs/
2025-06-23 14:50:33,489 [INFO] RulesReader:64 - Compatibility file has been processed (301 Rules)
2025-06-23 14:50:33,585 [INFO] DbMcusXml:78 - Set database path to: C:\ST\STM32CubeIDE_1.18.0\STM32CubeIDE\plugins\com.st.stm32cube.common.mx_6.14.0.202502271554\\db\/mcu/
2025-06-23 14:50:33,585 [INFO] ApiDb:274 - Set plugin database path to: C:\ST\STM32CubeIDE_1.18.0\STM32CubeIDE\plugins\com.st.stm32cube.common.mx_6.14.0.202502271554\\db\/plugins/boardmanager/
2025-06-23 14:50:33,585 [INFO] ApiDb:261 - Set plugin images path to: C:\ST\STM32CubeIDE_1.18.0\STM32CubeIDE\plugins\com.st.stm32cube.common.mx_6.14.0.202502271554\\db\/plugins/mcufinder/images/
2025-06-23 14:50:33,585 [WARN] DbFile:41 - Overriding database path with different value: C:\Users\user\.stmcufinder\plugins\mcufinder/ => C:\Users\user\.stmcufinder\plugins\mcufinder
2025-06-23 14:50:33,585 [INFO] ApiDb:250 - Set database path to: C:\Users\user\.stmcufinder\plugins\mcufinder//mcu/
2025-06-23 14:50:33,585 [WARN] DbFile:41 - Overriding database path with different value: C:\Users\user\.stmcufinder\plugins\mcufinder/ => C:\Users\user\.stmcufinder\plugins\mcufinder
2025-06-23 14:50:33,585 [INFO] DbMcusAds:125 - Set database path to: C:\Users\user\.stmcufinder\plugins\mcufinder//mcu/
2025-06-23 14:50:33,585 [WARN] DbFile:41 - Overriding database path with different value: C:\Users\user\.stmcufinder\plugins\mcufinder/ => C:\Users\user\.stmcufinder\plugins\mcufinder
2025-06-23 14:50:33,585 [WARN] DbFile:41 - Overriding database path with different value: C:\Users\user\.stmcufinder\plugins\mcufinder/ => C:\Users\user\.stmcufinder\plugins\mcufinder
2025-06-23 14:50:33,585 [INFO] CrossReferenceDbSqlite:203 - Set database path to: C:\Users\user\.stmcufinder\plugins\mcufinder//mcu/cs/
2025-06-23 14:50:33,727 [INFO] MainPanel:272 - HeapMemory: 268435456
2025-06-23 14:50:33,818 [INFO] DbMcusXml:78 - Set database path to: C:\ST\STM32CubeIDE_1.18.0\STM32CubeIDE\plugins\com.st.stm32cube.common.mx_6.14.0.202502271554\\db\/mcu/
2025-06-23 14:50:33,818 [INFO] ApiDb:274 - Set plugin database path to: C:\ST\STM32CubeIDE_1.18.0\STM32CubeIDE\plugins\com.st.stm32cube.common.mx_6.14.0.202502271554\\db\/plugins/boardmanager/
2025-06-23 14:50:33,818 [INFO] ApiDb:261 - Set plugin images path to: C:\ST\STM32CubeIDE_1.18.0\STM32CubeIDE\plugins\com.st.stm32cube.common.mx_6.14.0.202502271554\\db\/plugins/mcufinder/images/
2025-06-23 14:50:33,818 [WARN] DbFile:41 - Overriding database path with different value: C:\Users\user\.stmcufinder\plugins\mcufinder/ => C:\Users\user\.stmcufinder\plugins\mcufinder
2025-06-23 14:50:33,818 [INFO] ApiDb:250 - Set database path to: C:\Users\user\.stmcufinder\plugins\mcufinder//mcu/
2025-06-23 14:50:33,819 [WARN] DbFile:41 - Overriding database path with different value: C:\Users\user\.stmcufinder\plugins\mcufinder/ => C:\Users\user\.stmcufinder\plugins\mcufinder
2025-06-23 14:50:33,819 [INFO] DbMcusAds:125 - Set database path to: C:\Users\user\.stmcufinder\plugins\mcufinder//mcu/
2025-06-23 14:50:33,819 [WARN] DbFile:41 - Overriding database path with different value: C:\Users\user\.stmcufinder\plugins\mcufinder/ => C:\Users\user\.stmcufinder\plugins\mcufinder
2025-06-23 14:50:33,819 [WARN] DbFile:41 - Overriding database path with different value: C:\Users\user\.stmcufinder\plugins\mcufinder/ => C:\Users\user\.stmcufinder\plugins\mcufinder
2025-06-23 14:50:33,819 [INFO] CrossReferenceDbSqlite:203 - Set database path to: C:\Users\user\.stmcufinder\plugins\mcufinder//mcu/cs/
2025-06-23 14:50:33,836 [INFO] ApplicationProperties:184 - Using Application install path: C:\ST\STM32CubeIDE_1.18.0\STM32CubeIDE\plugins\com.st.stm32cube.common.mx_6.14.0.202502271554
2025-06-23 14:50:33,837 [INFO] PluginManage:196 - Search for loadable plugins [exclusion list=, ]
2025-06-23 14:50:33,839 [INFO] PluginManage:310 - Check plugin analytics
2025-06-23 14:50:34,155 [INFO] AnalyticsPlugin:253 - Accepted Software Licenses: 
2025-06-23 14:50:34,156 [INFO] AnalyticsPlugin:255 - Accepted CMSIS Pack Licenses: 
2025-06-23 14:50:34,156 [INFO] AnalyticsPlugin:257 - Accepted Firmware Licenses: 
2025-06-23 14:50:34,157 [INFO] PluginManage:359 - Loaded plugin analytics (category:tool,tabindex:-1)
2025-06-23 14:50:34,158 [INFO] PluginManage:310 - Check plugin cadmodel
2025-06-23 14:50:34,168 [INFO] CADModel:105 - Init CAD model plugin
2025-06-23 14:50:34,169 [INFO] PluginManage:359 - Loaded plugin cadmodel (category:power,tabindex:5)
2025-06-23 14:50:34,169 [INFO] PluginManage:310 - Check plugin clock
2025-06-23 14:50:34,181 [INFO] PluginManage:359 - Loaded plugin clock (category:base,tabindex:2)
2025-06-23 14:50:34,181 [INFO] PluginManage:310 - Check plugin ddr
2025-06-23 14:50:34,185 [INFO] PluginManage:359 - Loaded plugin ddr (category:tool,tabindex:6)
2025-06-23 14:50:34,185 [INFO] PluginManage:310 - Check plugin filemanager
2025-06-23 14:50:34,366 [INFO] PluginManage:359 - Loaded plugin filemanager (category:base,tabindex:10)
2025-06-23 14:50:34,367 [INFO] PluginManage:310 - Check plugin ipmanager
2025-06-23 14:50:34,374 [INFO] PluginManage:359 - Loaded plugin ipmanager (category:base,tabindex:5)
2025-06-23 14:50:34,374 [INFO] PluginManage:310 - Check plugin lpbam
2025-06-23 14:50:34,382 [INFO] PluginManage:359 - Loaded plugin lpbam (category:base,tabindex:0)
2025-06-23 14:50:34,382 [INFO] PluginManage:310 - Check plugin memorymap
2025-06-23 14:50:34,397 [INFO] PluginManage:359 - Loaded plugin memorymap (category:base,tabindex:4)
2025-06-23 14:50:34,397 [INFO] PluginManage:310 - Check plugin pinoutandconfiguration
2025-06-23 14:50:34,405 [INFO] PluginManage:359 - Loaded plugin pinoutandconfiguration (category:base,tabindex:1)
2025-06-23 14:50:34,405 [INFO] PluginManage:310 - Check plugin pinoutconfig
2025-06-23 14:50:34,522 [WARN] SupportedApi:132 - Cannot load RTOS API schema: s4s-elt-must-match.1: The content of 'definitions' must match (annotation?, (simpleType | complexType)?, (unique | key | keyref)*)). A problem was found starting at: attribute.
2025-06-23 14:50:34,676 [INFO] PluginManage:359 - Loaded plugin pinoutconfig (category:base,tabindex:0)
2025-06-23 14:50:34,677 [INFO] PluginManage:310 - Check plugin power
2025-06-23 14:50:34,687 [INFO] PluginManage:359 - Loaded plugin power (category:power,tabindex:4)
2025-06-23 14:50:34,688 [INFO] PluginManage:310 - Check plugin projectmanager
2025-06-23 14:50:34,701 [INFO] PluginManage:359 - Loaded plugin projectmanager (category:projectmanager,tabindex:4)
2025-06-23 14:50:34,702 [INFO] PluginManage:310 - Check plugin rif
2025-06-23 14:50:34,712 [INFO] PluginManage:359 - Loaded plugin rif (category:base,tabindex:3)
2025-06-23 14:50:34,713 [INFO] PluginManage:310 - Check plugin thirdparty
2025-06-23 14:50:34,883 [INFO] PluginManage:359 - Loaded plugin thirdparty (category:base,tabindex:-1)
2025-06-23 14:50:34,883 [WARN] IntegrityCheckThread:84 - waiting for thirdparty lock release [integrity check]
2025-06-23 14:50:34,884 [INFO] PluginManage:310 - Check plugin tools
2025-06-23 14:50:34,884 [INFO] IntegrityCheckThread:86 - entering critical section [integrity check]
2025-06-23 14:50:34,884 [INFO] ThirdPartyUpdaterWithRetryManager:70 - Updater plugin not ready yet. [1/15]
2025-06-23 14:50:34,888 [INFO] PluginManage:359 - Loaded plugin tools (category:base,tabindex:7)
2025-06-23 14:50:34,888 [INFO] PluginManage:310 - Check plugin tutovideos
2025-06-23 14:50:35,091 [INFO] PluginManage:359 - Loaded plugin tutovideos (category:base,tabindex:-1)
2025-06-23 14:50:35,092 [INFO] PluginManage:310 - Check plugin updater
2025-06-23 14:50:35,125 [INFO] PluginManage:359 - Loaded plugin updater (category:base,tabindex:12)
2025-06-23 14:50:35,125 [INFO] PluginManage:310 - Check plugin userauth
2025-06-23 14:50:35,136 [INFO] UserAuth:118 - Init User Auth plugin
2025-06-23 14:50:35,138 [INFO] PluginManage:359 - Loaded plugin userauth (category:base,tabindex:14)
2025-06-23 14:50:35,139 [INFO] PluginManage:283 - PluginManage : Loaded plugins [18]
2025-06-23 14:50:35,558 [INFO] PinOutPanel:1589 - setPackage(No Configuration,No Configuration)
2025-06-23 14:50:35,718 [INFO] CADModel:165 - CPN selected for project level
2025-06-23 14:50:35,718 [INFO] CADModel:114 - Register for checkConnection events
2025-06-23 14:50:35,761 [INFO] IPUIPlugin:80 - create IPUIPlugin
2025-06-23 14:50:35,761 [INFO] PluginManager:220 - loadIPPluginJar : add adc
2025-06-23 14:50:35,765 [INFO] IPUIPlugin:80 - create IPUIPlugin
2025-06-23 14:50:35,765 [INFO] PluginManager:220 - loadIPPluginJar : add aes
2025-06-23 14:50:35,771 [INFO] IPUIPlugin:80 - create IPUIPlugin
2025-06-23 14:50:35,771 [INFO] PluginManager:220 - loadIPPluginJar : add can
2025-06-23 14:50:35,774 [INFO] IPUIPlugin:80 - create IPUIPlugin
2025-06-23 14:50:35,775 [INFO] PluginManager:220 - loadIPPluginJar : add comp
2025-06-23 14:50:35,778 [INFO] IPUIPlugin:80 - create IPUIPlugin
2025-06-23 14:50:35,778 [INFO] PluginManager:220 - loadIPPluginJar : add cryp
2025-06-23 14:50:35,783 [INFO] IPUIPlugin:80 - create IPUIPlugin
2025-06-23 14:50:35,783 [INFO] PluginManager:220 - loadIPPluginJar : add ddr_ctrl_phy
2025-06-23 14:50:35,788 [INFO] IPUIPlugin:80 - create IPUIPlugin
2025-06-23 14:50:35,788 [INFO] PluginManager:220 - loadIPPluginJar : add dfsdm
2025-06-23 14:50:35,795 [INFO] IPUIPlugin:80 - create IPUIPlugin
2025-06-23 14:50:35,796 [INFO] PluginManager:220 - loadIPPluginJar : add dma
2025-06-23 14:50:35,799 [INFO] IPUIPlugin:80 - create IPUIPlugin
2025-06-23 14:50:35,800 [INFO] PluginManager:220 - loadIPPluginJar : add dma3
2025-06-23 14:50:35,805 [INFO] IPUIPlugin:80 - create IPUIPlugin
2025-06-23 14:50:35,806 [INFO] PluginManager:220 - loadIPPluginJar : add extmemmanager
2025-06-23 14:50:35,810 [INFO] IPUIPlugin:80 - create IPUIPlugin
2025-06-23 14:50:35,810 [INFO] PluginManager:220 - loadIPPluginJar : add fatfs
2025-06-23 14:50:35,817 [INFO] IPUIPlugin:80 - create IPUIPlugin
2025-06-23 14:50:35,817 [INFO] PluginManager:220 - loadIPPluginJar : add fmc
2025-06-23 14:50:35,826 [INFO] IPUIPlugin:80 - create IPUIPlugin
2025-06-23 14:50:35,827 [INFO] PluginManager:220 - loadIPPluginJar : add freertos
2025-06-23 14:50:35,830 [INFO] IPUIPlugin:80 - create IPUIPlugin
2025-06-23 14:50:35,831 [INFO] PluginManager:220 - loadIPPluginJar : add genericplugin
2025-06-23 14:50:35,835 [INFO] IPUIPlugin:80 - create IPUIPlugin
2025-06-23 14:50:35,835 [INFO] PluginManager:220 - loadIPPluginJar : add gfxmmu
2025-06-23 14:50:35,845 [INFO] IPUIPlugin:80 - create IPUIPlugin
2025-06-23 14:50:35,845 [INFO] PluginManager:220 - loadIPPluginJar : add gic
2025-06-23 14:50:35,851 [INFO] IPUIPlugin:80 - create IPUIPlugin
2025-06-23 14:50:35,852 [INFO] PluginManager:220 - loadIPPluginJar : add gpio
2025-06-23 14:50:35,859 [INFO] IPUIPlugin:80 - create IPUIPlugin
2025-06-23 14:50:35,859 [INFO] PluginManager:220 - loadIPPluginJar : add gtzc
2025-06-23 14:50:35,863 [INFO] IPUIPlugin:80 - create IPUIPlugin
2025-06-23 14:50:35,863 [INFO] PluginManager:220 - loadIPPluginJar : add hash
2025-06-23 14:50:35,868 [INFO] IPUIPlugin:80 - create IPUIPlugin
2025-06-23 14:50:35,868 [INFO] PluginManager:220 - loadIPPluginJar : add i2c
2025-06-23 14:50:35,872 [INFO] IPUIPlugin:80 - create IPUIPlugin
2025-06-23 14:50:35,872 [INFO] PluginManager:220 - loadIPPluginJar : add i2s
2025-06-23 14:50:35,879 [INFO] IPUIPlugin:80 - create IPUIPlugin
2025-06-23 14:50:35,879 [INFO] PluginManager:220 - loadIPPluginJar : add i3c
2025-06-23 14:50:35,887 [INFO] IPUIPlugin:80 - create IPUIPlugin
2025-06-23 14:50:35,888 [INFO] PluginManager:220 - loadIPPluginJar : add ipddr
2025-06-23 14:50:35,902 [INFO] IPUIPlugin:80 - create IPUIPlugin
2025-06-23 14:50:35,903 [INFO] PluginManager:220 - loadIPPluginJar : add linkedlist
2025-06-23 14:50:35,909 [INFO] IPUIPlugin:80 - create IPUIPlugin
2025-06-23 14:50:35,909 [INFO] PluginManager:220 - loadIPPluginJar : add lorawan
2025-06-23 14:50:35,913 [INFO] IPUIPlugin:80 - create IPUIPlugin
2025-06-23 14:50:35,914 [INFO] PluginManager:220 - loadIPPluginJar : add ltdc
2025-06-23 14:50:35,927 [INFO] IPUIPlugin:80 - create IPUIPlugin
2025-06-23 14:50:35,927 [INFO] PluginManager:220 - loadIPPluginJar : add mdma
2025-06-23 14:50:35,936 [INFO] IPUIPlugin:80 - create IPUIPlugin
2025-06-23 14:50:35,936 [INFO] PluginManager:220 - loadIPPluginJar : add nvic
2025-06-23 14:50:35,943 [INFO] IPUIPlugin:80 - create IPUIPlugin
2025-06-23 14:50:35,943 [INFO] PluginManager:220 - loadIPPluginJar : add opamp
2025-06-23 14:50:35,948 [INFO] IPUIPlugin:80 - create IPUIPlugin
2025-06-23 14:50:35,948 [INFO] PluginManager:220 - loadIPPluginJar : add openamp
2025-06-23 14:50:35,954 [INFO] IPUIPlugin:80 - create IPUIPlugin
2025-06-23 14:50:35,954 [INFO] PluginManager:220 - loadIPPluginJar : add pdm2pcm
2025-06-23 14:50:35,963 [INFO] IPUIPlugin:80 - create IPUIPlugin
2025-06-23 14:50:35,966 [INFO] PluginManager:220 - loadIPPluginJar : add plateformsettings
2025-06-23 14:50:35,968 [INFO] IPUIPlugin:80 - create IPUIPlugin
2025-06-23 14:50:35,968 [INFO] PluginManager:220 - loadIPPluginJar : add quadspi
2025-06-23 14:50:35,971 [INFO] IPUIPlugin:80 - create IPUIPlugin
2025-06-23 14:50:35,971 [INFO] PluginManager:220 - loadIPPluginJar : add radio
2025-06-23 14:50:35,979 [INFO] IPUIPlugin:80 - create IPUIPlugin
2025-06-23 14:50:35,979 [INFO] PluginManager:220 - loadIPPluginJar : add resmgrutility
2025-06-23 14:50:35,985 [INFO] IPUIPlugin:80 - create IPUIPlugin
2025-06-23 14:50:35,985 [INFO] PluginManager:220 - loadIPPluginJar : add sai
2025-06-23 14:50:35,990 [INFO] IPUIPlugin:80 - create IPUIPlugin
2025-06-23 14:50:35,991 [INFO] PluginManager:220 - loadIPPluginJar : add spi
2025-06-23 14:50:36,002 [INFO] IPUIPlugin:80 - create IPUIPlugin
2025-06-23 14:50:36,002 [INFO] PluginManager:220 - loadIPPluginJar : add stm32_wpan
2025-06-23 14:50:36,006 [INFO] IPUIPlugin:80 - create IPUIPlugin
2025-06-23 14:50:36,006 [INFO] PluginManager:220 - loadIPPluginJar : add tim
2025-06-23 14:50:36,012 [INFO] IPUIPlugin:80 - create IPUIPlugin
2025-06-23 14:50:36,012 [INFO] PluginManager:220 - loadIPPluginJar : add touchsensing
2025-06-23 14:50:36,016 [INFO] IPUIPlugin:80 - create IPUIPlugin
2025-06-23 14:50:36,016 [INFO] PluginManager:220 - loadIPPluginJar : add tracer_emb
2025-06-23 14:50:36,020 [INFO] IPUIPlugin:80 - create IPUIPlugin
2025-06-23 14:50:36,020 [INFO] PluginManager:220 - loadIPPluginJar : add ts
2025-06-23 14:50:36,023 [INFO] IPUIPlugin:80 - create IPUIPlugin
2025-06-23 14:50:36,023 [INFO] PluginManager:220 - loadIPPluginJar : add tsc
2025-06-23 14:50:36,027 [INFO] IPUIPlugin:80 - create IPUIPlugin
2025-06-23 14:50:36,027 [INFO] PluginManager:220 - loadIPPluginJar : add ucpd
2025-06-23 14:50:36,032 [INFO] IPUIPlugin:80 - create IPUIPlugin
2025-06-23 14:50:36,032 [INFO] PluginManager:220 - loadIPPluginJar : add usart
2025-06-23 14:50:36,037 [INFO] IPUIPlugin:80 - create IPUIPlugin
2025-06-23 14:50:36,037 [INFO] PluginManager:220 - loadIPPluginJar : add usbx
2025-06-23 14:50:36,218 [FATAL] Updater:351 - Updater called before beeing initialized
2025-06-23 14:50:36,256 [INFO] RulesReader:64 - Compatibility file has been processed (301 Rules)
2025-06-23 14:50:36,268 [INFO] RulesReader:64 - Compatibility file has been processed (301 Rules)
2025-06-23 14:50:36,283 [INFO] CADModel:165 - CPN selected for project level
2025-06-23 14:50:36,283 [INFO] CADModel:114 - Register for checkConnection events
2025-06-23 14:50:36,284 [FATAL] Updater:351 - Updater called before beeing initialized
2025-06-23 14:50:36,284 [ERROR] CADModel:125 - Updater not yet initialized, retry later 
2025-06-23 14:50:36,607 [FATAL] Updater:351 - Updater called before beeing initialized
2025-06-23 14:50:36,610 [INFO] CADModel:165 - CPN selected for project level
2025-06-23 14:50:36,610 [INFO] CADModel:114 - Register for checkConnection events
2025-06-23 14:50:36,611 [FATAL] Updater:351 - Updater called before beeing initialized
2025-06-23 14:50:36,611 [ERROR] CADModel:125 - Updater not yet initialized, retry later 
2025-06-23 14:50:36,616 [FATAL] Updater:351 - Updater called before beeing initialized
2025-06-23 14:50:36,809 [FATAL] Updater:351 - Updater called before beeing initialized
2025-06-23 14:50:36,814 [INFO] DbMcusAds:53 - JSON generation date=Thu Jun 19 17:32:34 KST 2025 (1750321954415)
2025-06-23 14:50:36,814 [FATAL] Updater:351 - Updater called before beeing initialized
2025-06-23 14:50:36,869 [WARN] DetailPanel:346 - Failed to get advertising image, set to default
2025-06-23 14:50:37,329 [FATAL] Updater:351 - Updater called before beeing initialized
2025-06-23 14:50:37,330 [FATAL] Updater:351 - Updater called before beeing initialized
2025-06-23 14:50:37,331 [FATAL] Updater:351 - Updater called before beeing initialized
2025-06-23 14:50:37,331 [WARN] DetailPanel:346 - Failed to get advertising image, set to default
2025-06-23 14:50:37,332 [FATAL] Updater:351 - Updater called before beeing initialized
2025-06-23 14:50:37,428 [ERROR] Updater:1198 - MainUpdater not yet initialized. External WinMGr cannot be set.
2025-06-23 14:50:37,434 [INFO] Updater:1134 - Updater Version found : 6.14.0
2025-06-23 14:50:37,459 [INFO] ApplicationProperties:184 - Using Application install path: C:\ST\STM32CubeIDE_1.18.0\STM32CubeIDE\plugins\com.st.stm32cube.common.mx_6.14.0.202502271554
2025-06-23 14:50:37,886 [INFO] ThirdPartyUpdaterWithRetryManager:70 - Updater plugin not ready yet. [2/15]
2025-06-23 14:50:38,234 [INFO] MainUpdater:2872 - connection check result : 10
2025-06-23 14:50:38,234 [INFO] MainUpdater:3566 - Updater definition file requires update
2025-06-23 14:50:38,235 [INFO] MainUpdater:289 - Updater Check For Update Now.
2025-06-23 14:50:38,235 [INFO] MicroXplorer:498 - Change Database Version : DB.6.0.140
2025-06-23 14:50:38,240 [INFO] McuFinderGlobals:63 - Set McuFinder mode to 2 (CubeIDE integrated)
2025-06-23 14:50:38,241 [INFO] UserAuth:486 - Internet connection configuration mode: 1
2025-06-23 14:50:38,260 [INFO] JxBrowserEngine:152 - Initiate JxBrowser Engine with user profile folder
2025-06-23 14:50:38,838 [INFO] ServerAccessManage:473 - Download File updaters.zip
2025-06-23 14:50:39,337 [INFO] WebApp:169 - Instantiating new browser for Auth
2025-06-23 14:50:39,377 [INFO] FileExtend:242 - Unzip File : updaters.zip
2025-06-23 14:50:39,379 [INFO] FileExtend:257 - Standard Zip Deflate
2025-06-23 14:50:40,399 [INFO] ServerAccessManage:473 - Download File PacksControlFlags.xml
2025-06-23 14:50:40,691 [INFO] ServerAccessManage:473 - Download File cubemx.pidx
2025-06-23 14:50:40,789 [INFO] WebApp:463 - Apply proxy settings
2025-06-23 14:50:40,790 [INFO] WebApp:548 - Chromium requires no authentication
2025-06-23 14:50:40,825 [INFO] WebApp:491 - Direct internet connection detected
2025-06-23 14:50:40,844 [INFO] LoadServerUpdatesThread:375 - End of LoadServerUpdate Thread
2025-06-23 14:50:40,887 [WARN] MainUpdater:1193 - Updater busy. Cannot search thirdparties
2025-06-23 14:50:40,888 [INFO] ThirdPartyUpdaterWithRetryManager:96 - Updater plugin is busy. [1/15]
2025-06-23 14:50:40,895 [INFO] WebApp:894 - Register for checkConnection events
2025-06-23 14:50:40,896 [INFO] WebApp:463 - Apply proxy settings
2025-06-23 14:50:40,896 [INFO] WebApp:548 - Chromium requires no authentication
2025-06-23 14:50:40,897 [INFO] WebApp:491 - Direct internet connection detected
2025-06-23 14:50:41,043 [INFO] CheckServerUpdateThread:120 - End of CheckServer Thread
2025-06-23 14:50:41,166 [INFO] WebApp:225 - Starting web application
2025-06-23 14:50:41,167 [INFO] WebApp:593 - Web application path used C:\ST\STM32CubeIDE_1.18.0\STM32CubeIDE\plugins\com.st.stm32cube.common.mx_6.14.0.202502271554\db\plugins\mcufinder\reactClient1\index.html
2025-06-23 14:50:41,289 [INFO] UserAuth:486 - Internet connection configuration mode: 1
2025-06-23 14:50:41,528 [INFO] WebApp:191 - Connection restablished
2025-06-23 14:50:44,276 [WARN] PackLoader:240 - Cannot read IP mode file for STMicroelectronics.FP-SNS-MOTENVWB1.1.4.0
2025-06-23 14:50:44,288 [WARN] PackLoader:240 - Cannot read IP mode file for STMicroelectronics.FP-ATR-ASTRA1.2.0.2
2025-06-23 14:50:44,298 [WARN] PackLoader:240 - Cannot read IP mode file for STMicroelectronics.X-CUBE-SMBUS.2.1.0
2025-06-23 14:50:44,307 [WARN] PackLoader:240 - Cannot read IP mode file for STMicroelectronics.X-CUBE-WB05N.1.1.0
2025-06-23 14:50:44,313 [WARN] PackLoader:240 - Cannot read IP mode file for STMicroelectronics.X-CUBE-ST60.1.0.0
2025-06-23 14:50:44,343 [WARN] PackLoader:240 - Cannot read IP mode file for STMicroelectronics.X-CUBE-AZRTOS-F7.1.1.0
2025-06-23 14:50:44,356 [WARN] PackLoader:240 - Cannot read IP mode file for STMicroelectronics.FP-SNS-FLIGHT1.5.0.2
2025-06-23 14:50:44,391 [WARN] PackLoader:240 - Cannot read IP mode file for Infineon.AIROC-Wi-Fi-Bluetooth-STM32.1.7.0
2025-06-23 14:50:44,411 [WARN] PackLoader:240 - Cannot read IP mode file for STMicroelectronics.X-CUBE-DISPLAY.3.0.0
2025-06-23 14:50:44,436 [WARN] PackLoader:240 - Cannot read IP mode file for STMicroelectronics.X-CUBE-NFC10.1.0.0
2025-06-23 14:50:44,451 [WARN] PackLoader:240 - Cannot read IP mode file for STMicroelectronics.X-CUBE-BLEMGR.4.0.0
2025-06-23 14:50:44,462 [WARN] PackLoader:240 - Cannot read IP mode file for emotas.I-CUBE-CANOPEN.1.3.0
2025-06-23 14:50:44,467 [WARN] ConditionMgr:438 - getConditionDescription Invalid condition id : Cortex-A Device cause : null
2025-06-23 14:50:44,494 [WARN] ConditionMgr:1044 - genDependencies : Invalid condition id : Cortex-A Device cause : null
2025-06-23 14:50:44,494 [WARN] ConditionMgr:1044 - genDependencies : Invalid condition id : Cortex-A Device cause : null
2025-06-23 14:50:44,494 [WARN] ConditionMgr:1044 - genDependencies : Invalid condition id : Cortex-A Device cause : null
2025-06-23 14:50:44,743 [WARN] PackLoader:240 - Cannot read IP mode file for STMicroelectronics.X-CUBE-AI.10.0.0
2025-06-23 14:50:44,862 [WARN] PackLoader:240 - Cannot read IP mode file for STMicroelectronics.FP-SNS-SMARTAG2.1.2.0
2025-06-23 14:50:45,437 [WARN] PackLoader:240 - Cannot read IP mode file for STMicroelectronics.FP-SNS-FLIGHT1.5.1.0
2025-06-23 14:50:45,469 [WARN] PackLoader:240 - Cannot read IP mode file for STMicroelectronics.X-CUBE-MEMS1.11.1.0
2025-06-23 14:50:45,654 [INFO] LogOutputStream:77 - [STDOUT_REDIRECT] 1 : Invalid condition id : UX_CORESTACK_Condition cause : null
2025-06-23 14:50:45,654 [INFO] LogOutputStream:77 - [STDOUT_REDIRECT] 1 : Invalid condition id : UX_CORESTACK_Condition cause : null
2025-06-23 14:50:45,655 [INFO] LogOutputStream:77 - [STDOUT_REDIRECT] 1 : Invalid condition id : UX_CORESTACK_Condition cause : null
2025-06-23 14:50:45,658 [INFO] LogOutputStream:77 - [STDOUT_REDIRECT] 1 : Invalid condition id : UX_CORESTACK_Condition cause : null
2025-06-23 14:50:45,661 [INFO] LogOutputStream:77 - [STDOUT_REDIRECT] 1 : Invalid condition id : UX_CORESTACK_Condition cause : null
2025-06-23 14:50:45,665 [WARN] PackLoader:240 - Cannot read IP mode file for STMicroelectronics.X-CUBE-AZRTOS-WL.2.0.0
2025-06-23 14:50:45,711 [WARN] PackLoader:240 - Cannot read IP mode file for STMicroelectronics.FP-SNS-MOTENV1.5.0.0
2025-06-23 14:50:45,724 [WARN] PackLoader:240 - Cannot read IP mode file for WES.I-CUBE-Cesium.1.3.0
2025-06-23 14:50:45,781 [WARN] PackLoader:240 - Cannot read IP mode file for STMicroelectronics.X-CUBE-BLE2.3.3.0
2025-06-23 14:50:45,793 [WARN] PackLoader:240 - Cannot read IP mode file for STMicroelectronics.X-CUBE-NFC9.1.0.0
2025-06-23 14:50:45,801 [WARN] PackLoader:240 - Cannot read IP mode file for STMicroelectronics.X-CUBE-BLE1.7.1.0
2025-06-23 14:50:45,855 [WARN] PackLoader:240 - Cannot read IP mode file for wolfSSL.I-CUBE-wolfMQTT.1.19.2
2025-06-23 14:50:45,924 [WARN] PackLoader:240 - Cannot read IP mode file for STMicroelectronics.X-CUBE-AI.10.1.0
2025-06-23 14:50:45,968 [WARN] PackLoader:240 - Cannot read IP mode file for STMicroelectronics.X-CUBE-MEMS1.11.2.0
2025-06-23 14:50:46,209 [WARN] PackLoader:240 - Cannot read IP mode file for STMicroelectronics.X-CUBE-AZRTOS-G0.1.1.0
2025-06-23 14:50:46,217 [WARN] PackLoader:240 - Cannot read IP mode file for STMicroelectronics.X-CUBE-SAFEA1.1.2.2
2025-06-23 14:50:46,225 [WARN] PackLoader:240 - Cannot read IP mode file for STMicroelectronics.X-CUBE-NFC4.3.0.0
2025-06-23 14:50:46,231 [WARN] PackLoader:240 - Cannot read IP mode file for EmbeddedOffice.I-CUBE-FS-RTOS.1.0.1
2025-06-23 14:50:46,236 [WARN] PackLoader:240 - Cannot read IP mode file for STMicroelectronics.X-CUBE-WB05N.2.0.0
2025-06-23 14:50:46,241 [WARN] PackLoader:240 - Cannot read IP mode file for wolfSSL.I-CUBE-wolfTPM.3.8.0
2025-06-23 14:50:46,246 [WARN] PackLoader:240 - Cannot read IP mode file for STMicroelectronics.X-CUBE-TCPP.4.2.0
2025-06-23 14:50:46,251 [WARN] PackLoader:240 - Cannot read IP mode file for RealThread.X-CUBE-RT-Thread_Nano.4.1.1
2025-06-23 14:50:46,256 [WARN] PackLoader:240 - Cannot read IP mode file for STMicroelectronics.FP-ATR-SIGFOX1.3.2.0
2025-06-23 14:50:46,260 [WARN] PackLoader:240 - Cannot read IP mode file for STMicroelectronics.X-CUBE-EEPRMA1.5.1.0
2025-06-23 14:50:46,267 [WARN] PackLoader:240 - Cannot read IP mode file for wolfSSL.I-CUBE-wolfSSL.5.7.6
2025-06-23 14:50:46,455 [WARN] PackLoader:240 - Cannot read IP mode file for ITTIA_DB.I-CUBE-ITTIADB.8.9.0
2025-06-23 14:50:46,504 [WARN] PackLoader:240 - Cannot read IP mode file for STMicroelectronics.X-CUBE-ST67W61.1.0.0
2025-06-23 14:50:46,593 [WARN] PackLoader:240 - Cannot read IP mode file for SEGGER.I-CUBE-embOS.1.3.1
2025-06-23 14:50:46,650 [WARN] PackLoader:240 - Cannot read IP mode file for STMicroelectronics.X-CUBE-ALGOBUILD.1.4.0
2025-06-23 14:50:46,681 [WARN] PackLoader:240 - Cannot read IP mode file for STMicroelectronics.X-CUBE-MEMS1.11.3.0
2025-06-23 14:50:46,827 [WARN] PackLoader:240 - Cannot read IP mode file for STMicroelectronics.X-CUBE-PM33A1.1.0.0
2025-06-23 14:50:46,885 [WARN] PackLoader:240 - Cannot read IP mode file for STMicroelectronics.X-CUBE-AZRTOS-F4.1.1.0
2025-06-23 14:50:46,895 [WARN] PackLoader:240 - Cannot read IP mode file for Avnet-IotConnect.X-CUBE-IoTC-DA16k-PMOD.1.0.0
2025-06-23 14:50:46,900 [WARN] PackLoader:240 - Cannot read IP mode file for STMicroelectronics.X-CUBE-ISPU.2.1.0
2025-06-23 14:50:46,910 [WARN] PackLoader:240 - Cannot read IP mode file for STMicroelectronics.X-CUBE-AZRTOS-L5.2.0.0
2025-06-23 14:50:46,918 [WARN] PackLoader:240 - Cannot read IP mode file for STMicroelectronics.X-CUBE-NFC6.3.1.0
2025-06-23 14:50:46,926 [WARN] PackLoader:240 - Cannot read IP mode file for STMicroelectronics.X-CUBE-DPower.1.2.0
2025-06-23 14:50:46,934 [WARN] PackLoader:240 - Cannot read IP mode file for STMicroelectronics.X-CUBE-FREERTOS.1.3.1
2025-06-23 14:50:46,939 [WARN] PackLoader:240 - Cannot read IP mode file for STMicroelectronics.X-CUBE-FREERTOS.1.3.0
2025-06-23 14:50:46,947 [WARN] PackLoader:240 - Cannot read IP mode file for STMicroelectronics.X-CUBE-NFC7.1.0.1
2025-06-23 14:50:46,953 [WARN] PackLoader:240 - Cannot read IP mode file for STMicroelectronics.X-CUBE-DPower.1.3.0
2025-06-23 14:50:46,966 [WARN] ConditionMgr:438 - getConditionDescription Invalid condition id : LAN8742 Phy interface Condition cause : null
2025-06-23 14:50:46,967 [WARN] PackLoader:240 - Cannot read IP mode file for STMicroelectronics.X-CUBE-AZRTOS-L4.2.0.0
2025-06-23 14:50:46,967 [WARN] ConditionMgr:1044 - genDependencies : Invalid condition id : LAN8742 Phy interface Condition cause : null
2025-06-23 14:50:46,968 [WARN] ConditionMgr:1044 - genDependencies : Invalid condition id : LAN8742 Phy interface Condition cause : null
2025-06-23 14:50:46,968 [WARN] ConditionMgr:1044 - genDependencies : Invalid condition id : LAN8742 Phy interface Condition cause : null
2025-06-23 14:50:46,977 [WARN] PackLoader:240 - Cannot read IP mode file for STMicroelectronics.X-CUBE-SFXS2LP1.4.0.0
2025-06-23 14:50:46,994 [WARN] PackLoader:240 - Cannot read IP mode file for STMicroelectronics.X-CUBE-AZRTOS-H7.3.3.0
2025-06-23 14:50:47,023 [WARN] ConditionMgr:438 - getConditionDescription Invalid condition id : UX DEVICE CLASS RTOS Condition cause : null
2025-06-23 14:50:47,024 [WARN] ConditionMgr:438 - getConditionDescription Invalid condition id : UX DEVICE CLASS RTOS Condition cause : null
2025-06-23 14:50:47,028 [WARN] PackLoader:240 - Cannot read IP mode file for STMicroelectronics.X-CUBE-AZRTOS-WB.2.0.0
2025-06-23 14:50:47,029 [WARN] ConditionMgr:1044 - genDependencies : Invalid condition id : UX DEVICE CLASS RTOS Condition cause : null
2025-06-23 14:50:47,029 [WARN] ConditionMgr:1044 - genDependencies : Invalid condition id : UX DEVICE CLASS RTOS Condition cause : null
2025-06-23 14:50:47,031 [WARN] ConditionMgr:1044 - genDependencies : Invalid condition id : UX DEVICE CLASS RTOS Condition cause : null
2025-06-23 14:50:47,031 [WARN] ConditionMgr:1044 - genDependencies : Invalid condition id : UX DEVICE CLASS RTOS Condition cause : null
2025-06-23 14:50:47,032 [WARN] ConditionMgr:1044 - genDependencies : Invalid condition id : UX DEVICE CLASS RTOS Condition cause : null
2025-06-23 14:50:47,063 [WARN] PackLoader:240 - Cannot read IP mode file for STMicroelectronics.X-CUBE-GNSS1.7.0.1
2025-06-23 14:50:47,077 [WARN] PackLoader:240 - Cannot read IP mode file for STMicroelectronics.X-CUBE-TOUCHGFX.4.25.0
2025-06-23 14:50:47,086 [WARN] PackLoader:240 - Cannot read IP mode file for STMicroelectronics.FP-SNS-STBOX1.2.0.0
2025-06-23 14:50:47,106 [WARN] PackLoader:240 - Cannot read IP mode file for STMicroelectronics.X-CUBE-SUBG2.5.0.0
2025-06-23 14:50:47,157 [WARN] PackLoader:240 - Cannot read IP mode file for STMicroelectronics.X-CUBE-AZRTOS-H7RS.1.1.0
2025-06-23 14:50:47,172 [WARN] PackLoader:240 - Cannot read IP mode file for Cesanta.I-CUBE-Mongoose.7.13.0
2025-06-23 14:50:47,189 [WARN] PackLoader:240 - Cannot read IP mode file for STMicroelectronics.X-CUBE-AZRTOS-G4.2.0.0
2025-06-23 14:50:47,200 [WARN] PackLoader:240 - Cannot read IP mode file for wolfSSL.I-CUBE-wolfSSH.1.4.20
2025-06-23 14:50:47,208 [WARN] PackLoader:240 - Cannot read IP mode file for STMicroelectronics.X-CUBE-NFC7.2.0.0
2025-06-23 14:50:47,220 [WARN] PackLoader:240 - Cannot read IP mode file for STMicroelectronics.X-CUBE-IPS.3.1.0
2025-06-23 14:50:47,232 [WARN] PackLoader:240 - Cannot read IP mode file for STMicroelectronics.X-CUBE-ALS.1.0.2
2025-06-23 14:50:47,238 [WARN] PackLoader:240 - Cannot read IP mode file for STMicroelectronics.X-CUBE-TOUCHGFX.4.24.2
2025-06-23 14:50:47,251 [WARN] PackLoader:240 - Cannot read IP mode file for portGmbH.I-Cube-SoM-uGOAL.1.1.0
2025-06-23 14:50:47,266 [WARN] PackLoader:240 - Cannot read IP mode file for STMicroelectronics.X-CUBE-AZRTOS-H7RS.1.0.0
2025-06-23 14:50:47,277 [WARN] PackLoader:240 - Cannot read IP mode file for STMicroelectronics.X-CUBE-TOF1.3.4.2
2025-06-23 14:50:47,291 [WARN] PackLoader:240 - Cannot read IP mode file for STMicroelectronics.X-CUBE-TOF1.3.4.3
2025-06-23 14:50:47,298 [INFO] ThirdParty:978 - Integrity check success = true
2025-06-23 14:50:47,299 [INFO] IntegrityCheckThread:100 - exiting critical section [integrity check]
2025-06-23 14:50:47,299 [INFO] IntegrityCheckThread:103 - End integrity checks thread
2025-06-23 15:21:27,562 [INFO] WebApp:194 - Connection lost
2025-06-23 15:21:27,838 [INFO] WebApp:191 - Connection restablished
2025-06-23 15:21:29,680 [INFO] WebApp:194 - Connection lost
2025-06-23 15:21:29,894 [INFO] WebApp:191 - Connection restablished
2025-06-23 15:21:34,584 [INFO] WebApp:194 - Connection lost
2025-06-23 15:21:34,882 [INFO] WebApp:191 - Connection restablished
2025-06-23 15:21:36,857 [INFO] WebApp:194 - Connection lost
2025-06-23 15:21:37,146 [INFO] WebApp:191 - Connection restablished
2025-06-23 15:21:55,130 [INFO] WebApp:194 - Connection lost
2025-06-23 15:21:55,423 [INFO] WebApp:191 - Connection restablished
2025-06-23 15:21:58,377 [INFO] WebApp:194 - Connection lost
2025-06-23 15:21:58,671 [INFO] WebApp:191 - Connection restablished
2025-06-23 15:22:12,089 [INFO] WebApp:194 - Connection lost
2025-06-23 15:22:12,389 [INFO] WebApp:191 - Connection restablished
2025-06-23 15:22:14,849 [INFO] WebApp:194 - Connection lost
2025-06-23 15:22:15,260 [INFO] WebApp:191 - Connection restablished
2025-06-23 15:22:28,676 [INFO] WebApp:194 - Connection lost
2025-06-23 15:22:28,963 [INFO] WebApp:191 - Connection restablished
2025-06-23 15:22:31,264 [INFO] WebApp:194 - Connection lost
2025-06-23 15:22:31,577 [INFO] WebApp:191 - Connection restablished
2025-06-23 15:22:36,384 [INFO] WebApp:194 - Connection lost
2025-06-23 15:22:36,656 [INFO] WebApp:191 - Connection restablished
2025-06-23 15:22:39,569 [INFO] WebApp:194 - Connection lost
2025-06-23 15:22:45,074 [INFO] WebApp:191 - Connection restablished
2025-06-23 15:22:46,763 [INFO] WebApp:194 - Connection lost
2025-06-23 15:22:46,919 [INFO] WebApp:191 - Connection restablished
2025-06-23 15:23:07,313 [INFO] WebApp:194 - Connection lost
2025-06-23 15:23:07,583 [INFO] WebApp:191 - Connection restablished
2025-06-23 15:23:10,445 [INFO] WebApp:194 - Connection lost
2025-06-23 15:23:10,734 [INFO] WebApp:191 - Connection restablished
2025-06-23 15:23:14,387 [INFO] WebApp:194 - Connection lost
2025-06-23 15:23:16,357 [INFO] WebApp:191 - Connection restablished
2025-06-23 15:23:16,408 [INFO] WebApp:194 - Connection lost
2025-06-23 15:23:16,577 [INFO] WebApp:191 - Connection restablished
2025-06-23 15:23:18,701 [INFO] WebApp:194 - Connection lost
2025-06-23 15:23:18,974 [INFO] WebApp:191 - Connection restablished
2025-06-23 15:23:29,761 [INFO] WebApp:194 - Connection lost
2025-06-23 15:23:30,233 [INFO] WebApp:191 - Connection restablished
2025-06-23 15:23:32,706 [INFO] WebApp:194 - Connection lost
2025-06-23 15:23:36,226 [INFO] WebApp:191 - Connection restablished
2025-06-23 15:23:38,629 [INFO] WebApp:194 - Connection lost
2025-06-23 15:23:38,893 [INFO] WebApp:191 - Connection restablished
2025-06-23 15:24:31,766 [INFO] WebApp:194 - Connection lost
2025-06-23 15:24:32,040 [INFO] WebApp:191 - Connection restablished
2025-06-23 15:24:35,080 [INFO] WebApp:194 - Connection lost
2025-06-23 15:24:35,369 [INFO] WebApp:191 - Connection restablished
2025-06-23 15:24:41,842 [INFO] WebApp:194 - Connection lost
2025-06-23 15:24:42,118 [INFO] WebApp:191 - Connection restablished
2025-06-23 15:24:45,202 [INFO] WebApp:194 - Connection lost
2025-06-23 15:24:45,476 [INFO] WebApp:191 - Connection restablished
2025-06-23 15:25:02,107 [INFO] WebApp:194 - Connection lost
2025-06-23 15:25:05,013 [INFO] WebApp:191 - Connection restablished
2025-06-23 15:25:05,596 [INFO] WebApp:194 - Connection lost
2025-06-23 15:25:05,747 [INFO] WebApp:191 - Connection restablished
2025-06-23 15:25:07,929 [INFO] WebApp:194 - Connection lost
2025-06-23 15:25:08,220 [INFO] WebApp:191 - Connection restablished
2025-06-23 15:25:22,756 [INFO] WebApp:194 - Connection lost
2025-06-23 15:25:23,045 [INFO] WebApp:191 - Connection restablished
2025-06-23 15:25:25,840 [INFO] WebApp:194 - Connection lost
2025-06-23 15:25:26,110 [INFO] WebApp:191 - Connection restablished
2025-06-23 16:06:30,080 [INFO] WebApp:194 - Connection lost
2025-06-23 16:06:30,393 [INFO] WebApp:191 - Connection restablished
2025-06-23 16:09:29,201 [INFO] WebApp:194 - Connection lost
2025-06-23 16:09:51,621 [INFO] WebApp:191 - Connection restablished
2025-06-23 16:09:53,841 [INFO] WebApp:194 - Connection lost
2025-06-23 16:09:54,130 [INFO] WebApp:191 - Connection restablished
2025-06-23 16:30:20,311 [INFO] WebApp:194 - Connection lost
2025-06-23 16:30:20,627 [INFO] WebApp:191 - Connection restablished
2025-06-23 16:30:22,819 [INFO] WebApp:194 - Connection lost
2025-06-23 16:30:23,112 [INFO] WebApp:191 - Connection restablished
2025-06-23 16:45:45,633 [ERROR] LogOutputStream:75 - [STDERR_REDIRECT] SLF4J: Failed to load class "org.slf4j.impl.StaticLoggerBinder".
2025-06-23 16:45:45,634 [ERROR] LogOutputStream:75 - [STDERR_REDIRECT] SLF4J: Defaulting to no-operation (NOP) logger implementation
2025-06-23 16:45:45,638 [ERROR] LogOutputStream:75 - [STDERR_REDIRECT] SLF4J: See http://www.slf4j.org/codes.html#StaticLoggerBinder for further details.
2025-06-23 16:45:48,401 [ERROR] LogOutputStream:75 - [STDERR_REDIRECT] 
