2025-06-21 21:19:54,487 [INFO] Activator:176 - 


2025-06-21 21:19:54,488 [INFO] Activator:177 - !SESSION log4j initialized
2025-06-21 21:20:01,257 [INFO] LogOutputStream:77 - [STDOUT_REDIRECT] 
2025-06-21 21:20:04,107 [INFO] ApplicationProperties:184 - Using Application install path: C:\ST\STM32CubeIDE_1.18.0\STM32CubeIDE\plugins\com.st.stm32cube.common.mx_6.14.0.202502271554
2025-06-21 21:20:04,120 [INFO] DbMcusXml:78 - Set database path to: C:\ST\STM32CubeIDE_1.18.0\STM32CubeIDE\plugins\com.st.stm32cube.common.mx_6.14.0.202502271554\\db\/mcu/
2025-06-21 21:20:04,120 [INFO] ApiDb:274 - Set plugin database path to: C:\ST\STM32CubeIDE_1.18.0\STM32CubeIDE\plugins\com.st.stm32cube.common.mx_6.14.0.202502271554\\db\/plugins/boardmanager/
2025-06-21 21:20:04,120 [WARN] ApiDb:259 - Overriding images path with different value:  => C:\ST\STM32CubeIDE_1.18.0\STM32CubeIDE\plugins\com.st.stm32cube.common.mx_6.14.0.202502271554\\db\/plugins/mcufinder/images/
2025-06-21 21:20:04,124 [INFO] ApiDb:250 - Set database path to: C:\Users\user\.stmcufinder\plugins\mcufinder//mcu/
2025-06-21 21:20:04,124 [INFO] DbMcusAds:125 - Set database path to: C:\Users\user\.stmcufinder\plugins\mcufinder//mcu/
2025-06-21 21:20:04,127 [INFO] CrossReferenceDbSqlite:203 - Set database path to: C:\Users\user\.stmcufinder\plugins\mcufinder//mcu/cs/
2025-06-21 21:20:04,228 [INFO] RulesReader:64 - Compatibility file has been processed (301 Rules)
2025-06-21 21:20:04,427 [INFO] DbMcusXml:78 - Set database path to: C:\ST\STM32CubeIDE_1.18.0\STM32CubeIDE\plugins\com.st.stm32cube.common.mx_6.14.0.202502271554\\db\/mcu/
2025-06-21 21:20:04,427 [INFO] ApiDb:274 - Set plugin database path to: C:\ST\STM32CubeIDE_1.18.0\STM32CubeIDE\plugins\com.st.stm32cube.common.mx_6.14.0.202502271554\\db\/plugins/boardmanager/
2025-06-21 21:20:04,428 [INFO] ApiDb:261 - Set plugin images path to: C:\ST\STM32CubeIDE_1.18.0\STM32CubeIDE\plugins\com.st.stm32cube.common.mx_6.14.0.202502271554\\db\/plugins/mcufinder/images/
2025-06-21 21:20:04,429 [WARN] DbFile:41 - Overriding database path with different value: C:\Users\user\.stmcufinder\plugins\mcufinder/ => C:\Users\user\.stmcufinder\plugins\mcufinder
2025-06-21 21:20:04,429 [INFO] ApiDb:250 - Set database path to: C:\Users\user\.stmcufinder\plugins\mcufinder//mcu/
2025-06-21 21:20:04,429 [WARN] DbFile:41 - Overriding database path with different value: C:\Users\user\.stmcufinder\plugins\mcufinder/ => C:\Users\user\.stmcufinder\plugins\mcufinder
2025-06-21 21:20:04,430 [INFO] DbMcusAds:125 - Set database path to: C:\Users\user\.stmcufinder\plugins\mcufinder//mcu/
2025-06-21 21:20:04,430 [WARN] DbFile:41 - Overriding database path with different value: C:\Users\user\.stmcufinder\plugins\mcufinder/ => C:\Users\user\.stmcufinder\plugins\mcufinder
2025-06-21 21:20:04,430 [WARN] DbFile:41 - Overriding database path with different value: C:\Users\user\.stmcufinder\plugins\mcufinder/ => C:\Users\user\.stmcufinder\plugins\mcufinder
2025-06-21 21:20:04,430 [INFO] CrossReferenceDbSqlite:203 - Set database path to: C:\Users\user\.stmcufinder\plugins\mcufinder//mcu/cs/
2025-06-21 21:20:04,587 [INFO] MainPanel:272 - HeapMemory: 268435456
2025-06-21 21:20:04,735 [INFO] DbMcusXml:78 - Set database path to: C:\ST\STM32CubeIDE_1.18.0\STM32CubeIDE\plugins\com.st.stm32cube.common.mx_6.14.0.202502271554\\db\/mcu/
2025-06-21 21:20:04,735 [INFO] ApiDb:274 - Set plugin database path to: C:\ST\STM32CubeIDE_1.18.0\STM32CubeIDE\plugins\com.st.stm32cube.common.mx_6.14.0.202502271554\\db\/plugins/boardmanager/
2025-06-21 21:20:04,735 [INFO] ApiDb:261 - Set plugin images path to: C:\ST\STM32CubeIDE_1.18.0\STM32CubeIDE\plugins\com.st.stm32cube.common.mx_6.14.0.202502271554\\db\/plugins/mcufinder/images/
2025-06-21 21:20:04,735 [WARN] DbFile:41 - Overriding database path with different value: C:\Users\user\.stmcufinder\plugins\mcufinder/ => C:\Users\user\.stmcufinder\plugins\mcufinder
2025-06-21 21:20:04,736 [INFO] ApiDb:250 - Set database path to: C:\Users\user\.stmcufinder\plugins\mcufinder//mcu/
2025-06-21 21:20:04,736 [WARN] DbFile:41 - Overriding database path with different value: C:\Users\user\.stmcufinder\plugins\mcufinder/ => C:\Users\user\.stmcufinder\plugins\mcufinder
2025-06-21 21:20:04,736 [INFO] DbMcusAds:125 - Set database path to: C:\Users\user\.stmcufinder\plugins\mcufinder//mcu/
2025-06-21 21:20:04,736 [WARN] DbFile:41 - Overriding database path with different value: C:\Users\user\.stmcufinder\plugins\mcufinder/ => C:\Users\user\.stmcufinder\plugins\mcufinder
2025-06-21 21:20:04,736 [WARN] DbFile:41 - Overriding database path with different value: C:\Users\user\.stmcufinder\plugins\mcufinder/ => C:\Users\user\.stmcufinder\plugins\mcufinder
2025-06-21 21:20:04,736 [INFO] CrossReferenceDbSqlite:203 - Set database path to: C:\Users\user\.stmcufinder\plugins\mcufinder//mcu/cs/
2025-06-21 21:20:04,751 [INFO] ApplicationProperties:184 - Using Application install path: C:\ST\STM32CubeIDE_1.18.0\STM32CubeIDE\plugins\com.st.stm32cube.common.mx_6.14.0.202502271554
2025-06-21 21:20:04,752 [INFO] PluginManage:196 - Search for loadable plugins [exclusion list=, ]
2025-06-21 21:20:04,753 [INFO] PluginManage:310 - Check plugin analytics
2025-06-21 21:20:04,921 [INFO] AnalyticsPlugin:253 - Accepted Software Licenses: 
2025-06-21 21:20:04,921 [INFO] AnalyticsPlugin:255 - Accepted CMSIS Pack Licenses: 
2025-06-21 21:20:04,922 [INFO] AnalyticsPlugin:257 - Accepted Firmware Licenses: 
2025-06-21 21:20:04,923 [INFO] PluginManage:359 - Loaded plugin analytics (category:tool,tabindex:-1)
2025-06-21 21:20:04,923 [INFO] PluginManage:310 - Check plugin cadmodel
2025-06-21 21:20:04,931 [INFO] CADModel:105 - Init CAD model plugin
2025-06-21 21:20:04,931 [INFO] PluginManage:359 - Loaded plugin cadmodel (category:power,tabindex:5)
2025-06-21 21:20:04,931 [INFO] PluginManage:310 - Check plugin clock
2025-06-21 21:20:04,945 [INFO] PluginManage:359 - Loaded plugin clock (category:base,tabindex:2)
2025-06-21 21:20:04,945 [INFO] PluginManage:310 - Check plugin ddr
2025-06-21 21:20:04,952 [INFO] PluginManage:359 - Loaded plugin ddr (category:tool,tabindex:6)
2025-06-21 21:20:04,952 [INFO] PluginManage:310 - Check plugin filemanager
2025-06-21 21:20:05,137 [INFO] PluginManage:359 - Loaded plugin filemanager (category:base,tabindex:10)
2025-06-21 21:20:05,137 [INFO] PluginManage:310 - Check plugin ipmanager
2025-06-21 21:20:05,145 [INFO] PluginManage:359 - Loaded plugin ipmanager (category:base,tabindex:5)
2025-06-21 21:20:05,145 [INFO] PluginManage:310 - Check plugin lpbam
2025-06-21 21:20:05,151 [INFO] PluginManage:359 - Loaded plugin lpbam (category:base,tabindex:0)
2025-06-21 21:20:05,151 [INFO] PluginManage:310 - Check plugin memorymap
2025-06-21 21:20:05,158 [INFO] PluginManage:359 - Loaded plugin memorymap (category:base,tabindex:4)
2025-06-21 21:20:05,159 [INFO] PluginManage:310 - Check plugin pinoutandconfiguration
2025-06-21 21:20:05,166 [INFO] PluginManage:359 - Loaded plugin pinoutandconfiguration (category:base,tabindex:1)
2025-06-21 21:20:05,166 [INFO] PluginManage:310 - Check plugin pinoutconfig
2025-06-21 21:20:05,233 [WARN] SupportedApi:132 - Cannot load RTOS API schema: s4s-elt-must-match.1: The content of 'definitions' must match (annotation?, (simpleType | complexType)?, (unique | key | keyref)*)). A problem was found starting at: attribute.
2025-06-21 21:20:05,328 [INFO] PluginManage:359 - Loaded plugin pinoutconfig (category:base,tabindex:0)
2025-06-21 21:20:05,329 [INFO] PluginManage:310 - Check plugin power
2025-06-21 21:20:05,336 [INFO] PluginManage:359 - Loaded plugin power (category:power,tabindex:4)
2025-06-21 21:20:05,336 [INFO] PluginManage:310 - Check plugin projectmanager
2025-06-21 21:20:05,354 [INFO] PluginManage:359 - Loaded plugin projectmanager (category:projectmanager,tabindex:4)
2025-06-21 21:20:05,354 [INFO] PluginManage:310 - Check plugin rif
2025-06-21 21:20:05,360 [INFO] PluginManage:359 - Loaded plugin rif (category:base,tabindex:3)
2025-06-21 21:20:05,360 [INFO] PluginManage:310 - Check plugin thirdparty
2025-06-21 21:20:05,486 [WARN] IntegrityCheckThread:84 - waiting for thirdparty lock release [integrity check]
2025-06-21 21:20:05,486 [INFO] IntegrityCheckThread:86 - entering critical section [integrity check]
2025-06-21 21:20:05,486 [INFO] ThirdPartyUpdaterWithRetryManager:70 - Updater plugin not ready yet. [1/15]
2025-06-21 21:20:05,486 [INFO] PluginManage:359 - Loaded plugin thirdparty (category:base,tabindex:-1)
2025-06-21 21:20:05,486 [INFO] PluginManage:310 - Check plugin tools
2025-06-21 21:20:05,489 [INFO] PluginManage:359 - Loaded plugin tools (category:base,tabindex:7)
2025-06-21 21:20:05,490 [INFO] PluginManage:310 - Check plugin tutovideos
2025-06-21 21:20:05,620 [INFO] PluginManage:359 - Loaded plugin tutovideos (category:base,tabindex:-1)
2025-06-21 21:20:05,620 [INFO] PluginManage:310 - Check plugin updater
2025-06-21 21:20:05,649 [INFO] PluginManage:359 - Loaded plugin updater (category:base,tabindex:12)
2025-06-21 21:20:05,650 [INFO] PluginManage:310 - Check plugin userauth
2025-06-21 21:20:05,657 [INFO] UserAuth:118 - Init User Auth plugin
2025-06-21 21:20:05,659 [INFO] PluginManage:359 - Loaded plugin userauth (category:base,tabindex:14)
2025-06-21 21:20:05,660 [INFO] PluginManage:283 - PluginManage : Loaded plugins [18]
2025-06-21 21:20:05,926 [INFO] PinOutPanel:1589 - setPackage(No Configuration,No Configuration)
2025-06-21 21:20:06,007 [INFO] CADModel:165 - CPN selected for project level
2025-06-21 21:20:06,007 [INFO] CADModel:114 - Register for checkConnection events
2025-06-21 21:20:06,024 [INFO] IPUIPlugin:80 - create IPUIPlugin
2025-06-21 21:20:06,024 [INFO] PluginManager:220 - loadIPPluginJar : add adc
2025-06-21 21:20:06,027 [INFO] IPUIPlugin:80 - create IPUIPlugin
2025-06-21 21:20:06,027 [INFO] PluginManager:220 - loadIPPluginJar : add aes
2025-06-21 21:20:06,030 [INFO] IPUIPlugin:80 - create IPUIPlugin
2025-06-21 21:20:06,030 [INFO] PluginManager:220 - loadIPPluginJar : add can
2025-06-21 21:20:06,031 [INFO] IPUIPlugin:80 - create IPUIPlugin
2025-06-21 21:20:06,032 [INFO] PluginManager:220 - loadIPPluginJar : add comp
2025-06-21 21:20:06,034 [INFO] IPUIPlugin:80 - create IPUIPlugin
2025-06-21 21:20:06,034 [INFO] PluginManager:220 - loadIPPluginJar : add cryp
2025-06-21 21:20:06,036 [INFO] IPUIPlugin:80 - create IPUIPlugin
2025-06-21 21:20:06,036 [INFO] PluginManager:220 - loadIPPluginJar : add ddr_ctrl_phy
2025-06-21 21:20:06,039 [INFO] IPUIPlugin:80 - create IPUIPlugin
2025-06-21 21:20:06,039 [INFO] PluginManager:220 - loadIPPluginJar : add dfsdm
2025-06-21 21:20:06,044 [INFO] IPUIPlugin:80 - create IPUIPlugin
2025-06-21 21:20:06,044 [INFO] PluginManager:220 - loadIPPluginJar : add dma
2025-06-21 21:20:06,047 [INFO] IPUIPlugin:80 - create IPUIPlugin
2025-06-21 21:20:06,047 [INFO] PluginManager:220 - loadIPPluginJar : add dma3
2025-06-21 21:20:06,051 [INFO] IPUIPlugin:80 - create IPUIPlugin
2025-06-21 21:20:06,051 [INFO] PluginManager:220 - loadIPPluginJar : add extmemmanager
2025-06-21 21:20:06,052 [INFO] IPUIPlugin:80 - create IPUIPlugin
2025-06-21 21:20:06,053 [INFO] PluginManager:220 - loadIPPluginJar : add fatfs
2025-06-21 21:20:06,057 [INFO] IPUIPlugin:80 - create IPUIPlugin
2025-06-21 21:20:06,057 [INFO] PluginManager:220 - loadIPPluginJar : add fmc
2025-06-21 21:20:06,062 [INFO] IPUIPlugin:80 - create IPUIPlugin
2025-06-21 21:20:06,063 [INFO] PluginManager:220 - loadIPPluginJar : add freertos
2025-06-21 21:20:06,064 [INFO] IPUIPlugin:80 - create IPUIPlugin
2025-06-21 21:20:06,064 [INFO] PluginManager:220 - loadIPPluginJar : add genericplugin
2025-06-21 21:20:06,067 [INFO] IPUIPlugin:80 - create IPUIPlugin
2025-06-21 21:20:06,067 [INFO] PluginManager:220 - loadIPPluginJar : add gfxmmu
2025-06-21 21:20:06,070 [INFO] IPUIPlugin:80 - create IPUIPlugin
2025-06-21 21:20:06,071 [INFO] PluginManager:220 - loadIPPluginJar : add gic
2025-06-21 21:20:06,074 [INFO] IPUIPlugin:80 - create IPUIPlugin
2025-06-21 21:20:06,074 [INFO] PluginManager:220 - loadIPPluginJar : add gpio
2025-06-21 21:20:06,077 [INFO] IPUIPlugin:80 - create IPUIPlugin
2025-06-21 21:20:06,077 [INFO] PluginManager:220 - loadIPPluginJar : add gtzc
2025-06-21 21:20:06,079 [INFO] IPUIPlugin:80 - create IPUIPlugin
2025-06-21 21:20:06,079 [INFO] PluginManager:220 - loadIPPluginJar : add hash
2025-06-21 21:20:06,082 [INFO] IPUIPlugin:80 - create IPUIPlugin
2025-06-21 21:20:06,082 [INFO] PluginManager:220 - loadIPPluginJar : add i2c
2025-06-21 21:20:06,084 [INFO] IPUIPlugin:80 - create IPUIPlugin
2025-06-21 21:20:06,084 [INFO] PluginManager:220 - loadIPPluginJar : add i2s
2025-06-21 21:20:06,087 [INFO] IPUIPlugin:80 - create IPUIPlugin
2025-06-21 21:20:06,087 [INFO] PluginManager:220 - loadIPPluginJar : add i3c
2025-06-21 21:20:06,089 [INFO] IPUIPlugin:80 - create IPUIPlugin
2025-06-21 21:20:06,090 [INFO] PluginManager:220 - loadIPPluginJar : add ipddr
2025-06-21 21:20:06,096 [INFO] IPUIPlugin:80 - create IPUIPlugin
2025-06-21 21:20:06,096 [INFO] PluginManager:220 - loadIPPluginJar : add linkedlist
2025-06-21 21:20:06,099 [INFO] IPUIPlugin:80 - create IPUIPlugin
2025-06-21 21:20:06,099 [INFO] PluginManager:220 - loadIPPluginJar : add lorawan
2025-06-21 21:20:06,100 [INFO] IPUIPlugin:80 - create IPUIPlugin
2025-06-21 21:20:06,101 [INFO] PluginManager:220 - loadIPPluginJar : add ltdc
2025-06-21 21:20:06,104 [INFO] IPUIPlugin:80 - create IPUIPlugin
2025-06-21 21:20:06,104 [INFO] PluginManager:220 - loadIPPluginJar : add mdma
2025-06-21 21:20:06,107 [INFO] IPUIPlugin:80 - create IPUIPlugin
2025-06-21 21:20:06,107 [INFO] PluginManager:220 - loadIPPluginJar : add nvic
2025-06-21 21:20:06,110 [INFO] IPUIPlugin:80 - create IPUIPlugin
2025-06-21 21:20:06,110 [INFO] PluginManager:220 - loadIPPluginJar : add opamp
2025-06-21 21:20:06,113 [INFO] IPUIPlugin:80 - create IPUIPlugin
2025-06-21 21:20:06,113 [INFO] PluginManager:220 - loadIPPluginJar : add openamp
2025-06-21 21:20:06,117 [INFO] IPUIPlugin:80 - create IPUIPlugin
2025-06-21 21:20:06,117 [INFO] PluginManager:220 - loadIPPluginJar : add pdm2pcm
2025-06-21 21:20:06,126 [INFO] IPUIPlugin:80 - create IPUIPlugin
2025-06-21 21:20:06,132 [INFO] PluginManager:220 - loadIPPluginJar : add plateformsettings
2025-06-21 21:20:06,134 [INFO] IPUIPlugin:80 - create IPUIPlugin
2025-06-21 21:20:06,136 [INFO] PluginManager:220 - loadIPPluginJar : add quadspi
2025-06-21 21:20:06,138 [INFO] IPUIPlugin:80 - create IPUIPlugin
2025-06-21 21:20:06,139 [INFO] PluginManager:220 - loadIPPluginJar : add radio
2025-06-21 21:20:06,145 [INFO] IPUIPlugin:80 - create IPUIPlugin
2025-06-21 21:20:06,146 [INFO] PluginManager:220 - loadIPPluginJar : add resmgrutility
2025-06-21 21:20:06,154 [INFO] IPUIPlugin:80 - create IPUIPlugin
2025-06-21 21:20:06,154 [INFO] PluginManager:220 - loadIPPluginJar : add sai
2025-06-21 21:20:06,159 [INFO] IPUIPlugin:80 - create IPUIPlugin
2025-06-21 21:20:06,159 [INFO] PluginManager:220 - loadIPPluginJar : add spi
2025-06-21 21:20:06,168 [INFO] IPUIPlugin:80 - create IPUIPlugin
2025-06-21 21:20:06,168 [INFO] PluginManager:220 - loadIPPluginJar : add stm32_wpan
2025-06-21 21:20:06,171 [INFO] IPUIPlugin:80 - create IPUIPlugin
2025-06-21 21:20:06,171 [INFO] PluginManager:220 - loadIPPluginJar : add tim
2025-06-21 21:20:06,176 [INFO] IPUIPlugin:80 - create IPUIPlugin
2025-06-21 21:20:06,176 [INFO] PluginManager:220 - loadIPPluginJar : add touchsensing
2025-06-21 21:20:06,180 [INFO] IPUIPlugin:80 - create IPUIPlugin
2025-06-21 21:20:06,180 [INFO] PluginManager:220 - loadIPPluginJar : add tracer_emb
2025-06-21 21:20:06,183 [INFO] IPUIPlugin:80 - create IPUIPlugin
2025-06-21 21:20:06,183 [INFO] PluginManager:220 - loadIPPluginJar : add ts
2025-06-21 21:20:06,184 [INFO] IPUIPlugin:80 - create IPUIPlugin
2025-06-21 21:20:06,186 [INFO] PluginManager:220 - loadIPPluginJar : add tsc
2025-06-21 21:20:06,187 [INFO] IPUIPlugin:80 - create IPUIPlugin
2025-06-21 21:20:06,188 [INFO] PluginManager:220 - loadIPPluginJar : add ucpd
2025-06-21 21:20:06,190 [INFO] IPUIPlugin:80 - create IPUIPlugin
2025-06-21 21:20:06,190 [INFO] PluginManager:220 - loadIPPluginJar : add usart
2025-06-21 21:20:06,193 [INFO] IPUIPlugin:80 - create IPUIPlugin
2025-06-21 21:20:06,193 [INFO] PluginManager:220 - loadIPPluginJar : add usbx
2025-06-21 21:20:06,336 [FATAL] Updater:351 - Updater called before beeing initialized
2025-06-21 21:20:06,386 [INFO] RulesReader:64 - Compatibility file has been processed (301 Rules)
2025-06-21 21:20:06,399 [INFO] RulesReader:64 - Compatibility file has been processed (301 Rules)
2025-06-21 21:20:06,408 [INFO] CADModel:165 - CPN selected for project level
2025-06-21 21:20:06,408 [INFO] CADModel:114 - Register for checkConnection events
2025-06-21 21:20:06,408 [FATAL] Updater:351 - Updater called before beeing initialized
2025-06-21 21:20:06,409 [ERROR] CADModel:125 - Updater not yet initialized, retry later 
2025-06-21 21:20:06,648 [FATAL] Updater:351 - Updater called before beeing initialized
2025-06-21 21:20:06,653 [INFO] CADModel:165 - CPN selected for project level
2025-06-21 21:20:06,654 [INFO] CADModel:114 - Register for checkConnection events
2025-06-21 21:20:06,654 [FATAL] Updater:351 - Updater called before beeing initialized
2025-06-21 21:20:06,654 [ERROR] CADModel:125 - Updater not yet initialized, retry later 
2025-06-21 21:20:06,662 [FATAL] Updater:351 - Updater called before beeing initialized
2025-06-21 21:20:06,828 [FATAL] Updater:351 - Updater called before beeing initialized
2025-06-21 21:20:06,833 [INFO] DbMcusAds:53 - JSON generation date=Thu Jun 19 17:32:34 KST 2025 (1750321954415)
2025-06-21 21:20:06,833 [FATAL] Updater:351 - Updater called before beeing initialized
2025-06-21 21:20:06,867 [WARN] DetailPanel:346 - Failed to get advertising image, set to default
2025-06-21 21:20:07,052 [FATAL] Updater:351 - Updater called before beeing initialized
2025-06-21 21:20:07,054 [FATAL] Updater:351 - Updater called before beeing initialized
2025-06-21 21:20:07,055 [FATAL] Updater:351 - Updater called before beeing initialized
2025-06-21 21:20:07,055 [WARN] DetailPanel:346 - Failed to get advertising image, set to default
2025-06-21 21:20:07,056 [FATAL] Updater:351 - Updater called before beeing initialized
2025-06-21 21:20:07,114 [ERROR] Updater:1198 - MainUpdater not yet initialized. External WinMGr cannot be set.
2025-06-21 21:20:07,119 [INFO] Updater:1134 - Updater Version found : 6.14.0
2025-06-21 21:20:07,146 [INFO] ApplicationProperties:184 - Using Application install path: C:\ST\STM32CubeIDE_1.18.0\STM32CubeIDE\plugins\com.st.stm32cube.common.mx_6.14.0.202502271554
2025-06-21 21:20:08,070 [INFO] MainUpdater:2872 - connection check result : 10
2025-06-21 21:20:08,071 [INFO] MainUpdater:289 - Updater Check For Update Now.
2025-06-21 21:20:08,071 [INFO] MicroXplorer:498 - Change Database Version : DB.6.0.140
2025-06-21 21:20:08,077 [INFO] McuFinderGlobals:63 - Set McuFinder mode to 2 (CubeIDE integrated)
2025-06-21 21:20:08,079 [INFO] UserAuth:486 - Internet connection configuration mode: 1
2025-06-21 21:20:08,118 [INFO] JxBrowserEngine:152 - Initiate JxBrowser Engine with user profile folder
2025-06-21 21:20:08,273 [INFO] CheckServerUpdateThread:120 - End of CheckServer Thread
2025-06-21 21:20:08,693 [WARN] PackLoader:240 - Cannot read IP mode file for STMicroelectronics.FP-SNS-MOTENVWB1.1.4.0
2025-06-21 21:20:08,711 [WARN] PackLoader:240 - Cannot read IP mode file for STMicroelectronics.FP-ATR-ASTRA1.2.0.2
2025-06-21 21:20:08,733 [WARN] PackLoader:240 - Cannot read IP mode file for STMicroelectronics.X-CUBE-SMBUS.2.1.0
2025-06-21 21:20:08,753 [WARN] PackLoader:240 - Cannot read IP mode file for STMicroelectronics.X-CUBE-WB05N.1.1.0
2025-06-21 21:20:08,760 [WARN] PackLoader:240 - Cannot read IP mode file for STMicroelectronics.X-CUBE-ST60.1.0.0
2025-06-21 21:20:08,801 [WARN] PackLoader:240 - Cannot read IP mode file for STMicroelectronics.X-CUBE-AZRTOS-F7.1.1.0
2025-06-21 21:20:08,810 [WARN] PackLoader:240 - Cannot read IP mode file for STMicroelectronics.FP-SNS-FLIGHT1.5.0.2
2025-06-21 21:20:08,837 [WARN] PackLoader:240 - Cannot read IP mode file for Infineon.AIROC-Wi-Fi-Bluetooth-STM32.1.7.0
2025-06-21 21:20:08,846 [WARN] PackLoader:240 - Cannot read IP mode file for STMicroelectronics.X-CUBE-DISPLAY.3.0.0
2025-06-21 21:20:08,855 [WARN] PackLoader:240 - Cannot read IP mode file for STMicroelectronics.X-CUBE-NFC10.1.0.0
2025-06-21 21:20:08,890 [WARN] PackLoader:240 - Cannot read IP mode file for STMicroelectronics.X-CUBE-BLEMGR.4.0.0
2025-06-21 21:20:08,921 [WARN] PackLoader:240 - Cannot read IP mode file for emotas.I-CUBE-CANOPEN.1.3.0
2025-06-21 21:20:08,933 [WARN] ConditionMgr:438 - getConditionDescription Invalid condition id : Cortex-A Device cause : null
2025-06-21 21:20:08,983 [WARN] ConditionMgr:1044 - genDependencies : Invalid condition id : Cortex-A Device cause : null
2025-06-21 21:20:08,984 [WARN] ConditionMgr:1044 - genDependencies : Invalid condition id : Cortex-A Device cause : null
2025-06-21 21:20:08,984 [WARN] ConditionMgr:1044 - genDependencies : Invalid condition id : Cortex-A Device cause : null
2025-06-21 21:20:08,999 [WARN] PackLoader:240 - Cannot read IP mode file for STMicroelectronics.X-CUBE-AI.10.0.0
2025-06-21 21:20:09,020 [WARN] PackLoader:240 - Cannot read IP mode file for STMicroelectronics.FP-SNS-SMARTAG2.1.2.0
2025-06-21 21:20:09,091 [WARN] PackLoader:240 - Cannot read IP mode file for STMicroelectronics.FP-SNS-FLIGHT1.5.1.0
2025-06-21 21:20:09,307 [WARN] PackLoader:240 - Cannot read IP mode file for STMicroelectronics.X-CUBE-MEMS1.11.1.0
2025-06-21 21:20:09,447 [INFO] WebApp:169 - Instantiating new browser for Auth
2025-06-21 21:20:09,565 [INFO] LogOutputStream:77 - [STDOUT_REDIRECT] 1 : Invalid condition id : UX_CORESTACK_Condition cause : null
2025-06-21 21:20:09,566 [INFO] LogOutputStream:77 - [STDOUT_REDIRECT] 1 : Invalid condition id : UX_CORESTACK_Condition cause : null
2025-06-21 21:20:09,566 [INFO] LogOutputStream:77 - [STDOUT_REDIRECT] 1 : Invalid condition id : UX_CORESTACK_Condition cause : null
2025-06-21 21:20:09,567 [INFO] LogOutputStream:77 - [STDOUT_REDIRECT] 1 : Invalid condition id : UX_CORESTACK_Condition cause : null
2025-06-21 21:20:09,569 [INFO] LogOutputStream:77 - [STDOUT_REDIRECT] 1 : Invalid condition id : UX_CORESTACK_Condition cause : null
2025-06-21 21:20:09,573 [WARN] PackLoader:240 - Cannot read IP mode file for STMicroelectronics.X-CUBE-AZRTOS-WL.2.0.0
2025-06-21 21:20:09,590 [WARN] PackLoader:240 - Cannot read IP mode file for STMicroelectronics.FP-SNS-MOTENV1.5.0.0
2025-06-21 21:20:09,619 [WARN] PackLoader:240 - Cannot read IP mode file for WES.I-CUBE-Cesium.1.3.0
2025-06-21 21:20:09,643 [WARN] PackLoader:240 - Cannot read IP mode file for STMicroelectronics.X-CUBE-BLE2.3.3.0
2025-06-21 21:20:09,664 [WARN] PackLoader:240 - Cannot read IP mode file for STMicroelectronics.X-CUBE-NFC9.1.0.0
2025-06-21 21:20:09,691 [WARN] PackLoader:240 - Cannot read IP mode file for STMicroelectronics.X-CUBE-BLE1.7.1.0
2025-06-21 21:20:09,706 [WARN] PackLoader:240 - Cannot read IP mode file for wolfSSL.I-CUBE-wolfMQTT.1.19.2
2025-06-21 21:20:09,722 [WARN] PackLoader:240 - Cannot read IP mode file for STMicroelectronics.X-CUBE-AI.10.1.0
2025-06-21 21:20:09,898 [WARN] PackLoader:240 - Cannot read IP mode file for STMicroelectronics.X-CUBE-MEMS1.11.2.0
2025-06-21 21:20:10,101 [WARN] PackLoader:240 - Cannot read IP mode file for STMicroelectronics.X-CUBE-AZRTOS-G0.1.1.0
2025-06-21 21:20:10,141 [WARN] PackLoader:240 - Cannot read IP mode file for STMicroelectronics.X-CUBE-SAFEA1.1.2.2
2025-06-21 21:20:10,157 [WARN] PackLoader:240 - Cannot read IP mode file for STMicroelectronics.X-CUBE-NFC4.3.0.0
2025-06-21 21:20:10,168 [WARN] PackLoader:240 - Cannot read IP mode file for EmbeddedOffice.I-CUBE-FS-RTOS.1.0.1
2025-06-21 21:20:10,183 [WARN] PackLoader:240 - Cannot read IP mode file for STMicroelectronics.X-CUBE-WB05N.2.0.0
2025-06-21 21:20:10,190 [WARN] PackLoader:240 - Cannot read IP mode file for wolfSSL.I-CUBE-wolfTPM.3.8.0
2025-06-21 21:20:10,198 [WARN] PackLoader:240 - Cannot read IP mode file for STMicroelectronics.X-CUBE-TCPP.4.2.0
2025-06-21 21:20:10,208 [WARN] PackLoader:240 - Cannot read IP mode file for RealThread.X-CUBE-RT-Thread_Nano.4.1.1
2025-06-21 21:20:10,216 [WARN] PackLoader:240 - Cannot read IP mode file for STMicroelectronics.FP-ATR-SIGFOX1.3.2.0
2025-06-21 21:20:10,241 [WARN] PackLoader:240 - Cannot read IP mode file for STMicroelectronics.X-CUBE-EEPRMA1.5.1.0
2025-06-21 21:20:10,254 [WARN] PackLoader:240 - Cannot read IP mode file for wolfSSL.I-CUBE-wolfSSL.5.7.6
2025-06-21 21:20:10,271 [WARN] PackLoader:240 - Cannot read IP mode file for ITTIA_DB.I-CUBE-ITTIADB.8.9.0
2025-06-21 21:20:10,287 [WARN] PackLoader:240 - Cannot read IP mode file for STMicroelectronics.X-CUBE-ST67W61.1.0.0
2025-06-21 21:20:10,326 [WARN] PackLoader:240 - Cannot read IP mode file for SEGGER.I-CUBE-embOS.1.3.1
2025-06-21 21:20:10,400 [WARN] PackLoader:240 - Cannot read IP mode file for STMicroelectronics.X-CUBE-ALGOBUILD.1.4.0
2025-06-21 21:20:10,608 [WARN] PackLoader:240 - Cannot read IP mode file for STMicroelectronics.X-CUBE-MEMS1.11.3.0
2025-06-21 21:20:10,770 [WARN] PackLoader:240 - Cannot read IP mode file for STMicroelectronics.X-CUBE-PM33A1.1.0.0
2025-06-21 21:20:10,796 [WARN] PackLoader:240 - Cannot read IP mode file for STMicroelectronics.X-CUBE-AZRTOS-F4.1.1.0
2025-06-21 21:20:10,811 [WARN] PackLoader:240 - Cannot read IP mode file for Avnet-IotConnect.X-CUBE-IoTC-DA16k-PMOD.1.0.0
2025-06-21 21:20:10,826 [WARN] PackLoader:240 - Cannot read IP mode file for STMicroelectronics.X-CUBE-ISPU.2.1.0
2025-06-21 21:20:10,848 [WARN] PackLoader:240 - Cannot read IP mode file for STMicroelectronics.X-CUBE-AZRTOS-L5.2.0.0
2025-06-21 21:20:10,872 [WARN] PackLoader:240 - Cannot read IP mode file for STMicroelectronics.X-CUBE-NFC6.3.1.0
2025-06-21 21:20:10,881 [WARN] PackLoader:240 - Cannot read IP mode file for STMicroelectronics.X-CUBE-DPower.1.2.0
2025-06-21 21:20:10,894 [WARN] PackLoader:240 - Cannot read IP mode file for STMicroelectronics.X-CUBE-FREERTOS.1.3.1
2025-06-21 21:20:10,909 [WARN] PackLoader:240 - Cannot read IP mode file for STMicroelectronics.X-CUBE-FREERTOS.1.3.0
2025-06-21 21:20:10,947 [WARN] PackLoader:240 - Cannot read IP mode file for STMicroelectronics.X-CUBE-NFC7.1.0.1
2025-06-21 21:20:10,966 [WARN] PackLoader:240 - Cannot read IP mode file for STMicroelectronics.X-CUBE-DPower.1.3.0
2025-06-21 21:20:11,004 [WARN] ConditionMgr:438 - getConditionDescription Invalid condition id : LAN8742 Phy interface Condition cause : null
2025-06-21 21:20:11,006 [WARN] PackLoader:240 - Cannot read IP mode file for STMicroelectronics.X-CUBE-AZRTOS-L4.2.0.0
2025-06-21 21:20:11,008 [WARN] ConditionMgr:1044 - genDependencies : Invalid condition id : LAN8742 Phy interface Condition cause : null
2025-06-21 21:20:11,010 [WARN] ConditionMgr:1044 - genDependencies : Invalid condition id : LAN8742 Phy interface Condition cause : null
2025-06-21 21:20:11,011 [WARN] ConditionMgr:1044 - genDependencies : Invalid condition id : LAN8742 Phy interface Condition cause : null
2025-06-21 21:20:11,057 [WARN] PackLoader:240 - Cannot read IP mode file for STMicroelectronics.X-CUBE-SFXS2LP1.4.0.0
2025-06-21 21:20:11,092 [WARN] PackLoader:240 - Cannot read IP mode file for STMicroelectronics.X-CUBE-AZRTOS-H7.3.3.0
2025-06-21 21:20:11,119 [WARN] ConditionMgr:438 - getConditionDescription Invalid condition id : UX DEVICE CLASS RTOS Condition cause : null
2025-06-21 21:20:11,120 [WARN] ConditionMgr:438 - getConditionDescription Invalid condition id : UX DEVICE CLASS RTOS Condition cause : null
2025-06-21 21:20:11,123 [WARN] PackLoader:240 - Cannot read IP mode file for STMicroelectronics.X-CUBE-AZRTOS-WB.2.0.0
2025-06-21 21:20:11,124 [WARN] ConditionMgr:1044 - genDependencies : Invalid condition id : UX DEVICE CLASS RTOS Condition cause : null
2025-06-21 21:20:11,125 [WARN] ConditionMgr:1044 - genDependencies : Invalid condition id : UX DEVICE CLASS RTOS Condition cause : null
2025-06-21 21:20:11,125 [WARN] ConditionMgr:1044 - genDependencies : Invalid condition id : UX DEVICE CLASS RTOS Condition cause : null
2025-06-21 21:20:11,125 [WARN] ConditionMgr:1044 - genDependencies : Invalid condition id : UX DEVICE CLASS RTOS Condition cause : null
2025-06-21 21:20:11,126 [WARN] ConditionMgr:1044 - genDependencies : Invalid condition id : UX DEVICE CLASS RTOS Condition cause : null
2025-06-21 21:20:11,166 [WARN] PackLoader:240 - Cannot read IP mode file for STMicroelectronics.X-CUBE-GNSS1.7.0.1
2025-06-21 21:20:11,192 [WARN] PackLoader:240 - Cannot read IP mode file for STMicroelectronics.X-CUBE-TOUCHGFX.4.25.0
2025-06-21 21:20:11,239 [WARN] PackLoader:240 - Cannot read IP mode file for STMicroelectronics.FP-SNS-STBOX1.2.0.0
2025-06-21 21:20:11,284 [WARN] PackLoader:240 - Cannot read IP mode file for STMicroelectronics.X-CUBE-SUBG2.5.0.0
2025-06-21 21:20:11,344 [WARN] PackLoader:240 - Cannot read IP mode file for STMicroelectronics.X-CUBE-AZRTOS-H7RS.1.1.0
2025-06-21 21:20:11,374 [WARN] PackLoader:240 - Cannot read IP mode file for Cesanta.I-CUBE-Mongoose.7.13.0
2025-06-21 21:20:11,397 [WARN] PackLoader:240 - Cannot read IP mode file for STMicroelectronics.X-CUBE-AZRTOS-G4.2.0.0
2025-06-21 21:20:11,409 [WARN] PackLoader:240 - Cannot read IP mode file for wolfSSL.I-CUBE-wolfSSH.1.4.20
2025-06-21 21:20:11,425 [WARN] PackLoader:240 - Cannot read IP mode file for STMicroelectronics.X-CUBE-NFC7.2.0.0
2025-06-21 21:20:11,466 [WARN] PackLoader:240 - Cannot read IP mode file for STMicroelectronics.X-CUBE-IPS.3.1.0
2025-06-21 21:20:11,501 [WARN] PackLoader:240 - Cannot read IP mode file for STMicroelectronics.X-CUBE-ALS.1.0.2
2025-06-21 21:20:11,513 [WARN] PackLoader:240 - Cannot read IP mode file for STMicroelectronics.X-CUBE-TOUCHGFX.4.24.2
2025-06-21 21:20:11,529 [WARN] PackLoader:240 - Cannot read IP mode file for portGmbH.I-Cube-SoM-uGOAL.1.1.0
2025-06-21 21:20:11,560 [WARN] PackLoader:240 - Cannot read IP mode file for STMicroelectronics.X-CUBE-AZRTOS-H7RS.1.0.0
2025-06-21 21:20:11,588 [WARN] PackLoader:240 - Cannot read IP mode file for STMicroelectronics.X-CUBE-TOF1.3.4.2
2025-06-21 21:20:11,607 [WARN] PackLoader:240 - Cannot read IP mode file for STMicroelectronics.X-CUBE-TOF1.3.4.3
2025-06-21 21:20:11,614 [INFO] ThirdParty:978 - Integrity check success = true
2025-06-21 21:20:11,614 [INFO] IntegrityCheckThread:100 - exiting critical section [integrity check]
2025-06-21 21:20:11,614 [INFO] IntegrityCheckThread:103 - End integrity checks thread
2025-06-21 21:20:11,633 [INFO] WebApp:463 - Apply proxy settings
2025-06-21 21:20:11,633 [INFO] WebApp:548 - Chromium requires no authentication
2025-06-21 21:20:11,653 [INFO] WebApp:491 - Direct internet connection detected
2025-06-21 21:20:11,708 [INFO] WebApp:894 - Register for checkConnection events
2025-06-21 21:20:11,709 [INFO] WebApp:463 - Apply proxy settings
2025-06-21 21:20:11,709 [INFO] WebApp:548 - Chromium requires no authentication
2025-06-21 21:20:11,710 [INFO] WebApp:491 - Direct internet connection detected
2025-06-21 21:20:11,931 [INFO] WebApp:225 - Starting web application
2025-06-21 21:20:11,931 [INFO] WebApp:593 - Web application path used C:\ST\STM32CubeIDE_1.18.0\STM32CubeIDE\plugins\com.st.stm32cube.common.mx_6.14.0.202502271554\db\plugins\mcufinder\reactClient1\index.html
2025-06-21 21:20:12,076 [INFO] UserAuth:486 - Internet connection configuration mode: 1
2025-06-21 21:20:12,326 [INFO] WebApp:191 - Connection restablished
2025-06-21 22:04:32,184 [INFO] WebApp:194 - Connection lost
2025-06-21 22:04:39,637 [INFO] WebApp:191 - Connection restablished
2025-06-21 22:12:43,334 [INFO] WebApp:194 - Connection lost
2025-06-21 22:12:44,523 [INFO] WebApp:191 - Connection restablished
2025-06-21 22:59:24,437 [ERROR] LogOutputStream:75 - [STDERR_REDIRECT] SLF4J: Failed to load class "org.slf4j.impl.StaticLoggerBinder".
2025-06-21 22:59:24,438 [ERROR] LogOutputStream:75 - [STDERR_REDIRECT] SLF4J: Defaulting to no-operation (NOP) logger implementation
2025-06-21 22:59:24,439 [ERROR] LogOutputStream:75 - [STDERR_REDIRECT] SLF4J: See http://www.slf4j.org/codes.html#StaticLoggerBinder for further details.
2025-06-21 22:59:25,611 [ERROR] LogOutputStream:75 - [STDERR_REDIRECT] Jun 21, 2025 10:59:25 PM org.apache.jasper.servlet.TldScanner scanJars
2025-06-21 22:59:25,615 [ERROR] LogOutputStream:75 - [STDERR_REDIRECT] INFO: At least one JAR was scanned for TLDs yet contained no TLDs. Enable debug logging for this logger for a complete list of JARs that were scanned but no TLDs were found in them. Skipping unneeded JARs during scanning can improve startup time and JSP compilation time.
2025-06-21 22:59:25,616 [ERROR] LogOutputStream:75 - [STDERR_REDIRECT] 
2025-06-21 22:59:26,406 [ERROR] LogOutputStream:75 - [STDERR_REDIRECT] Jun 21, 2025 10:59:26 PM org.apache.jasper.servlet.TldScanner scanJars
2025-06-21 22:59:26,412 [ERROR] LogOutputStream:75 - [STDERR_REDIRECT] INFO: At least one JAR was scanned for TLDs yet contained no TLDs. Enable debug logging for this logger for a complete list of JARs that were scanned but no TLDs were found in them. Skipping unneeded JARs during scanning can improve startup time and JSP compilation time.
2025-06-21 22:59:26,413 [ERROR] LogOutputStream:75 - [STDERR_REDIRECT] 
2025-06-21 23:00:09,691 [ERROR] LogOutputStream:75 - [STDERR_REDIRECT] Jun 21, 2025 11:00:09 PM org.apache.lucene.internal.vectorization.VectorizationProvider lookup
2025-06-21 23:00:09,692 [ERROR] LogOutputStream:75 - [STDERR_REDIRECT] WARNING: Java vector incubator module is not readable. For optimal vector performance, pass '--add-modules jdk.incubator.vector' to enable Vector API.
2025-06-21 23:00:09,693 [ERROR] LogOutputStream:75 - [STDERR_REDIRECT] 
2025-06-21 23:12:42,601 [INFO] WebApp:194 - Connection lost
2025-06-21 23:12:42,842 [INFO] WebApp:191 - Connection restablished
2025-06-21 23:39:11,588 [ERROR] LogOutputStream:75 - [STDERR_REDIRECT] 
2025-06-21 23:39:11,592 [ERROR] LogOutputStream:75 - [STDERR_REDIRECT] 
